Arguments: 
  /usr/local/Cellar/node/11.0.0/bin/node /usr/local/Cellar/yarn/1.12.1/libexec/bin/yarn.js add uWebSockets.js

PATH: 
  /usr/local/bin:/usr/bin:/bin:/usr/sbin:/sbin:/Users/tacyarg/google-cloud-sdk/bin:/Users/tacyarg/Library/Android/sdk/emulator:/Users/tacyarg/Library/Android/sdk/tools:/Users/tacyarg/Library/Android/sdk/tools/bin:/Users/tacyarg/Library/Android/sdk/platform-tools:/Users/tacyarg/Library/Android/sdk/emulator:/Users/tacyarg/Library/Android/sdk/tools:/Users/tacyarg/Library/Android/sdk/tools/bin:/Users/tacyarg/Library/Android/sdk/platform-tools

Yarn version: 
  1.12.1

Node version: 
  11.0.0

Platform: 
  darwin x64

Trace: 
  Error: https://registry.yarnpkg.com/uWebSockets.js: Not found
      at Request.params.callback [as _callback] (/usr/local/Cellar/yarn/1.12.1/libexec/lib/cli.js:63139:18)
      at Request.self.callback (/usr/local/Cellar/yarn/1.12.1/libexec/lib/cli.js:124547:22)
      at Request.emit (events.js:182:13)
      at Request.<anonymous> (/usr/local/Cellar/yarn/1.12.1/libexec/lib/cli.js:125519:10)
      at Request.emit (events.js:182:13)
      at IncomingMessage.<anonymous> (/usr/local/Cellar/yarn/1.12.1/libexec/lib/cli.js:125441:12)
      at Object.onceWrapper (events.js:273:13)
      at IncomingMessage.emit (events.js:187:15)
      at endReadableNT (_stream_readable.js:1094:12)
      at process.internalTickCallback (internal/process/next_tick.js:72:19)

npm manifest: 
  {
    "name": "uwebsockets-web",
    "version": "1.0.0",
    "main": "index.js",
    "repository": "git@github.com:tacyarg/uwebsockets-web.git",
    "author": "Jacob Dent <jdent@tacyarg.com>",
    "license": "MIT"
  }

yarn manifest: 
  No manifest

Lockfile: 
  No lockfile
